[2016-09-10 09:45:49 +0000] [7719] [INFO] Starting gunicorn 19.6.0
[2016-09-10 09:45:49 +0000] [7719] [INFO] Listening at: http://0.0.0.0:5000 (7719)
[2016-09-10 09:45:49 +0000] [7719] [INFO] Using worker: sync
[2016-09-10 09:45:49 +0000] [7724] [INFO] Booting worker with pid: 7724
[2016-09-10 09:45:56 +0000] [7719] [INFO] Handling signal: int
[2016-09-10 09:45:56 +0000] [7724] [INFO] Worker exiting (pid: 7724)
[2016-09-10 09:45:56 +0000] [7719] [INFO] Shutting down: Master
[2016-09-10 09:46:10 +0000] [7765] [INFO] Starting gunicorn 19.6.0
[2016-09-10 09:46:10 +0000] [7765] [INFO] Listening at: http://0.0.0.0:5000 (7765)
[2016-09-10 09:46:10 +0000] [7765] [INFO] Using worker: sync
[2016-09-10 09:46:10 +0000] [7770] [INFO] Booting worker with pid: 7770
[2016-09-10 09:46:43 +0000] [7765] [INFO] Handling signal: int
[2016-09-10 09:46:43 +0000] [7770] [INFO] Worker exiting (pid: 7770)
[2016-09-10 09:46:43 +0000] [7765] [INFO] Shutting down: Master
[2016-09-10 09:53:30 +0000] [8197] [INFO] Starting gunicorn 19.6.0
[2016-09-10 09:53:30 +0000] [8197] [INFO] Listening at: http://0.0.0.0:5000 (8197)
[2016-09-10 09:53:30 +0000] [8197] [INFO] Using worker: sync
[2016-09-10 09:53:30 +0000] [8202] [INFO] Booting worker with pid: 8202
[2016-09-10 09:53:56 +0000] [8197] [INFO] Handling signal: int
[2016-09-10 09:53:57 +0000] [8202] [INFO] Worker exiting (pid: 8202)
[2016-09-10 09:53:57 +0000] [8197] [INFO] Shutting down: Master
[2016-09-10 10:06:26 +0000] [8907] [INFO] Starting gunicorn 19.6.0
[2016-09-10 10:06:26 +0000] [8907] [INFO] Listening at: http://0.0.0.0:5000 (8907)
[2016-09-10 10:06:26 +0000] [8907] [INFO] Using worker: sync
[2016-09-10 10:06:26 +0000] [8912] [INFO] Booting worker with pid: 8912
[2016-09-10 10:06:43 +0000] [8907] [INFO] Handling signal: int
[2016-09-10 10:06:43 +0000] [8912] [INFO] Worker exiting (pid: 8912)
[2016-09-10 10:06:43 +0000] [8907] [INFO] Shutting down: Master
[2016-09-10 10:23:17 +0000] [9529] [INFO] Starting gunicorn 19.6.0
[2016-09-10 10:23:17 +0000] [9529] [INFO] Listening at: http://0.0.0.0:5000 (9529)
[2016-09-10 10:23:17 +0000] [9529] [INFO] Using worker: sync
[2016-09-10 10:23:17 +0000] [9534] [INFO] Booting worker with pid: 9534
[2016-09-10 10:23:50 +0000] [9529] [INFO] Handling signal: int
[2016-09-10 10:23:50 +0000] [9534] [INFO] Worker exiting (pid: 9534)
[2016-09-10 10:23:50 +0000] [9529] [INFO] Shutting down: Master
[2016-09-10 10:25:33 +0000] [9747] [INFO] Starting gunicorn 19.6.0
[2016-09-10 10:25:33 +0000] [9747] [INFO] Listening at: http://0.0.0.0:5000 (9747)
[2016-09-10 10:25:33 +0000] [9747] [INFO] Using worker: sync
[2016-09-10 10:25:33 +0000] [9752] [INFO] Booting worker with pid: 9752
[2016-09-10 10:25:51 +0000] [9747] [INFO] Handling signal: int
[2016-09-10 10:25:51 +0000] [9752] [INFO] Worker exiting (pid: 9752)
[2016-09-10 10:25:51 +0000] [9747] [INFO] Shutting down: Master
[2016-09-10 11:21:04 +0000] [11936] [INFO] Starting gunicorn 19.6.0
[2016-09-10 11:21:04 +0000] [11936] [INFO] Listening at: http://0.0.0.0:5000 (11936)
[2016-09-10 11:21:04 +0000] [11936] [INFO] Using worker: sync
[2016-09-10 11:21:04 +0000] [11941] [INFO] Booting worker with pid: 11941
[2016-09-10 11:21:15 +0000] [11936] [INFO] Handling signal: int
[2016-09-10 11:21:15 +0000] [11941] [INFO] Worker exiting (pid: 11941)
[2016-09-10 11:21:15 +0000] [11936] [INFO] Shutting down: Master
